{"time":"2024-08-07T07:51:50.885538848+05:00","level":"INFO","msg":"Login function was invoked","request":"email:\"Hello\"  password:\"Hello\""}
{"time":"2024-08-07T07:51:51.000422612+05:00","level":"ERROR","msg":"Error while generating access token"}
{"time":"2024-08-07T07:53:29.953528458+05:00","level":"INFO","msg":"Login function was invoked","request":"email:\"Hello\" password:\"Hello\""}
{"time":"2024-08-07T07:54:56.17336384+05:00","level":"INFO","msg":"Logout function was invoked","request":"user_id:\"b4cd97c6-173e-406f-8220-2175f748a8c7\""}
{"time":"2024-08-07T07:55:05.617152247+05:00","level":"INFO","msg":"Login function was invoked","request":"email:\"Hello\" password:\"Hello\""}
{"time":"2024-08-08T00:45:30.064205403+05:00","level":"INFO","msg":"Shutting down, waiting for consumers to finish"}
{"time":"2024-08-08T00:45:30.064568029+05:00","level":"INFO","msg":"Context done, stopping consumer","consumer":"delete"}
{"time":"2024-08-08T00:45:30.064609373+05:00","level":"INFO","msg":"Context done, stopping consumer","consumer":"update"}
{"time":"2024-08-08T00:45:30.064595787+05:00","level":"INFO","msg":"Context done, stopping consumer","consumer":"create"}
{"time":"2024-08-08T00:45:30.064775912+05:00","level":"INFO","msg":"All consumers have stopped"}
{"time":"2024-08-08T00:45:30.064789547+05:00","level":"INFO","msg":"Context done, stopping consumer","consumer":"setadmin"}
{"time":"2024-08-08T00:45:35.236045477+05:00","level":"INFO","msg":"Shutting down, waiting for consumers to finish"}
{"time":"2024-08-08T00:45:35.236207298+05:00","level":"INFO","msg":"Context done, stopping consumer","consumer":"create"}
{"time":"2024-08-08T00:45:35.236223087+05:00","level":"INFO","msg":"Context done, stopping consumer","consumer":"update"}
{"time":"2024-08-08T00:45:35.236248242+05:00","level":"INFO","msg":"Context done, stopping consumer","consumer":"setadmin"}
{"time":"2024-08-08T00:45:35.236260429+05:00","level":"INFO","msg":"Context done, stopping consumer","consumer":"delete"}
{"time":"2024-08-08T00:45:35.236328337+05:00","level":"INFO","msg":"All consumers have stopped"}
{"time":"2024-08-08T09:06:45.292300089+05:00","level":"INFO","msg":"GetUserByEmail function was invoked","request":"email:\"string\""}
{"time":"2024-08-08T09:06:45.295437153+05:00","level":"ERROR","msg":"Error while executing a query"}
{"time":"2024-08-08T09:08:09.264928738+05:00","level":"INFO","msg":"Shutting down, waiting for consumers to finish"}
{"time":"2024-08-08T09:08:09.265108587+05:00","level":"INFO","msg":"Context done, stopping consumer","consumer":"update"}
{"time":"2024-08-08T09:08:09.265113442+05:00","level":"INFO","msg":"Context done, stopping consumer","consumer":"delete"}
{"time":"2024-08-08T09:08:09.265143639+05:00","level":"INFO","msg":"Context done, stopping consumer","consumer":"create"}
{"time":"2024-08-08T09:08:09.26515852+05:00","level":"INFO","msg":"Context done, stopping consumer","consumer":"setadmin"}
{"time":"2024-08-08T09:08:21.337979035+05:00","level":"INFO","msg":"Shutting down, waiting for consumers to finish"}
{"time":"2024-08-08T09:08:21.338118061+05:00","level":"INFO","msg":"Context done, stopping consumer","consumer":"update"}
{"time":"2024-08-08T09:08:21.338122841+05:00","level":"INFO","msg":"Context done, stopping consumer","consumer":"setadmin"}
{"time":"2024-08-08T09:08:21.338152186+05:00","level":"INFO","msg":"Context done, stopping consumer","consumer":"delete"}
{"time":"2024-08-08T09:08:21.338182949+05:00","level":"INFO","msg":"All consumers have stopped"}
{"time":"2024-08-08T09:08:21.338212877+05:00","level":"INFO","msg":"Context done, stopping consumer","consumer":"create"}
{"time":"2024-08-08T09:09:39.713655882+05:00","level":"INFO","msg":"GetUserByEmail function was invoked","request":"email:\"string\""}
{"time":"2024-08-08T09:09:39.715265755+05:00","level":"ERROR","msg":"Error while executing a query"}
{"time":"2024-08-08T09:11:26.867854768+05:00","level":"INFO","msg":"Register function was invoked","request":"email:\"Hello\" password:\"Hello\""}
{"time":"2024-08-08T09:13:22.052902727+05:00","level":"INFO","msg":"GetUserByEmail function was invoked","request":"email:\"string\""}
{"time":"2024-08-08T09:13:22.053461412+05:00","level":"ERROR","msg":"Error while executing a query"}
{"time":"2024-08-08T09:13:54.748338706+05:00","level":"INFO","msg":"Shutting down, waiting for consumers to finish"}
{"time":"2024-08-08T09:13:54.748524049+05:00","level":"INFO","msg":"Context done, stopping consumer","consumer":"delete"}
{"time":"2024-08-08T09:13:54.748576972+05:00","level":"INFO","msg":"Context done, stopping consumer","consumer":"update"}
{"time":"2024-08-08T09:13:54.748599805+05:00","level":"INFO","msg":"Context done, stopping consumer","consumer":"create"}
{"time":"2024-08-08T09:13:54.748576113+05:00","level":"INFO","msg":"Context done, stopping consumer","consumer":"setadmin"}
{"time":"2024-08-08T09:13:54.748619055+05:00","level":"INFO","msg":"All consumers have stopped"}
{"time":"2024-08-08T09:16:03.335596407+05:00","level":"INFO","msg":"GetUserByEmail function was invoked","request":"email:\"string\""}
{"time":"2024-08-08T09:16:03.337160688+05:00","level":"ERROR","msg":"Error while executing a query"}
{"time":"2024-08-08T09:18:12.690885551+05:00","level":"INFO","msg":"Shutting down, waiting for consumers to finish"}
{"time":"2024-08-08T09:18:12.691032153+05:00","level":"INFO","msg":"Context done, stopping consumer","consumer":"delete"}
{"time":"2024-08-08T09:18:12.691068216+05:00","level":"INFO","msg":"Context done, stopping consumer","consumer":"create"}
{"time":"2024-08-08T09:18:12.691085832+05:00","level":"INFO","msg":"Context done, stopping consumer","consumer":"setadmin"}
{"time":"2024-08-08T09:18:12.691108164+05:00","level":"INFO","msg":"All consumers have stopped"}
{"time":"2024-08-08T09:18:12.69111897+05:00","level":"INFO","msg":"Context done, stopping consumer","consumer":"update"}
{"time":"2024-08-08T09:18:23.095549471+05:00","level":"INFO","msg":"GetUserByEmail function was invoked","request":"email:\"string\""}
{"time":"2024-08-08T09:18:23.095548887+05:00","level":"INFO","msg":"Register function was invoked","request":"email:\"string\" password:\"string\""}
{"time":"2024-08-08T09:18:23.098220486+05:00","level":"ERROR","msg":"Error while executing a query"}
{"time":"2024-08-08T09:21:27.228493216+05:00","level":"INFO","msg":"Login function was invoked","request":"email:\"string\" password:\"string\""}
{"time":"2024-08-08T10:17:45.196924258+05:00","level":"INFO","msg":"Shutting down, waiting for consumers to finish"}
{"time":"2024-08-08T10:17:45.196979611+05:00","level":"INFO","msg":"Context done, stopping consumer","consumer":"update_user"}
{"time":"2024-08-08T10:17:45.196993487+05:00","level":"INFO","msg":"Context done, stopping consumer","consumer":"set_admin"}
{"time":"2024-08-08T10:17:45.196995505+05:00","level":"INFO","msg":"Context done, stopping consumer","consumer":"delete_user"}
{"time":"2024-08-08T10:17:45.197019287+05:00","level":"INFO","msg":"All consumers have stopped"}
{"time":"2024-08-08T10:17:45.197000681+05:00","level":"INFO","msg":"Context done, stopping consumer","consumer":"register_user"}
{"time":"2024-08-08T13:24:24.609794566+05:00","level":"INFO","msg":"Login function was invoked","request":"email:\"string\" password:\"string\""}
